peer_addr = 127.0.0.1:5555
test begin!

BlockID  bct  BlockSize  Priority  Deadline
         5         1      1235         1       200
        13         1      1435         1       200
         9        18    288555         2       200
        17         1      1475         1       200
        21         2     53910         2       200
        25         0      1210         1       200
        29         0      1205         1       200
        33         3     53735         2       200
        37         0      1195         1       200
        41         0      1255         1       200
        45        12    171460         2       200
        49         1      1625         1       200
        53         1      1450         1       200
        57         3     53415         2       200
        61         0      1240         1       200
        65         0      1250         1       200
        69        12    172580         2       200
        73         0      1220         1       200
        77         0      1215         1       200
        85        16      1195         1       200
        81        16    281425         2       200
        89         0      1195         1       200
        93         1     52795         2       200
        97         2      1260         1       200
       101         1      1185         1       200
       105        14    257340         2       200
       109        14      1275         1       200
       113         0      1235         1       200
       121         3      1245         1       200
       117         3     49390         2       200
       125         0      1215         1       200
       133        12      1355         1       200
       129        12    256815         2       200
       137         2     45410         2       200
       145         0      1265         1       200
       141         0      1225         1       200
       149         3     64775         2       200
       153         1      1235         1       200
       157         1      1240         1       200
       161        12    244720         2       200
       165         0      1265         1       200
       169         1      1225         1       200
       173         2     36250         2       200
       177         0      1285         1       200
       181         0      1275         1       200
       185         4     62690         2       200
       193         1      1275         1       200
       189         1      1465         1       200
       197         5     78415         2       200
       201         0      1255         1       200
       205         1      1315         1       200
       209         7    168430         2       200
       213         0      1255         1       200
       217         0      1475         1       200
       221         3     59105         2       200
       225         0      1230         1       200
       229         0      1240         1       200
       233        11    226140         2       200
       237         0      1245         1       200
       241         0      1490         1       200
       245         2     37695         2       200
       249         0      1245         1       200
       253         1      1210         1       200
       257         5     71995         2       200
       261         0      1215         1       200
       265         0      1235         1       200
       269         4     80330         2       200
       273         0      1185         1       200
       277         0      1345         1       200
       281        12    193685         2       200
       285         0      1170         1       200
       289         0      1425         1       200
       293         4     70615         2       200
       297         0      1390         1       200
       301         0      1415         1       200
       305         7    101625         2       200
       309         0      1130         1       200
       313         0      1135         1       200
       317         5     61445         2       200
       321         0      1205         1       200
       325         0      1190         1       200
       329         5    123185         2       200
       333         0      1230         1       200
       337         1      1200         1       200
       341         9    198880         2       200
       345         9      1865         1       200
       349         1      1230         1       200
       357         1      1160         1       200
       353         1     23310         2       200
       361         0      1195         1       200
       365         3     44375         2       200
       369         3      1165         1       200
       373         0      1180         1       200
       377         6    120235         2       200
       381         6      1220         1       200
       385         0      1225         1       200
       393         9      1250         1       200
       389        10    244295         2       200
       397         0      1205         1       200
       405         4      1240         1       200
       401         4     59520         2       200
       409         2     45970         2       200
       413         0      1260         1       200
       417         0      1240         1       200
       421         7    119260         2       200
       425         0      1245         1       200
       429         0      1225         1       200
       433         8    212415         2       200
       437         0      1270         1       200
       441         0      1225         1       200
       445         4     52720         2       200
       449         0      1245         1       200
       453         0      1245         1       200
       457         7    153470         2       200
       465         0      1270         1       200
       461         0      1255         1       200
       469         3     51410         2       200
       473         0      1285         1       200
       477         0      1215         1       200
       481        13    218055         2       200
       485         0      1235         1       200
       489         1      1250         1       200
       493         2     51605         2       200
       497         0      1240         1       200
       501         0      1240         1       200
       505         9    215445         2       200
       509         0      1280         1       200
       513         0      1270         1       200
       517         2     33555         2       200
       521         0      1245         1       200
       525         0      1280         1       200
       529        12    195700         2       200
       533         0      1340         1       200
       537         1      1350         1       200
       541         3     45990         2       200
       545         0      1280         1       200
       549         0      1300         1       200
       557         0      1245         1       200
       553        25    668915         2       200
       561         0      1255         1       200
       565         0     15150         2       200
       569         0      1240         1       200
       573         0      1270         1       200
       577        10    135175         2       200
       581         0      1265         1       200
       585         0      1325         1       200
       589         2     22770         2       200
       593         1      1275         1       200
       597         0      1260         1       200
       601         7    143145         2       200
       605         1      1290         1       200
       609         0      1230         1       200
       617         3      1255         1       200
       613         3     33120         2       200
       621         1      1375         1       200
       625         7    151945         2       200
       629         7      1410         1       200
       633         0      1290         1       200
       637         2     24745         2       200
       641         2      1240         1       200
       645         0      1245         1       200
       653         6      1295         1       200
       649         6    113365         2       200
       657         0      1310         1       200
       661         2     22075         2       200
       665         2      1270         1       200
       669         6    120260         2       200
       677         1      1255         1       200
       673         1      1250         1       200
       681         1     18405         2       200
       685         1      1300         1       200
       689         1      1320         1       200
       693        10    175755         2       200
       697         0      1275         1       200
       701         0      1480         1       200
       705         9     17820         2       200
       709         0      1405         1       200
       713         0      1275         1       200
       717        10    145750         2       200
       725         1      1235         1       200
       721         1      1315         1       200
       729         1     26360         2       200
       733         0      1270         1       200
       737         0      1280         1       200
       741         7    114425         2       200
       745         0      1385         1       200
       749         0      1295         1       200
       753         1     15605         2       200
       757         0      1295         1       200
       761         0      1300         1       200
       765         3     76825         2       200
       769         0      1310         1       200
       773         0      1400         1       200
       777        13    309655         2       200
       781         0      1415         1       200
       785         0      1255         1       200
       789         4     79570         2       200
       793         0      1255         1       200
       797         0      1245         1       200
       801         5     72735         2       200
       805         0      1210         1       200
       809         0      1210         1       200
       813        11    175895         2       200
       817         0      1215         1       200
       821         0      1945         1       200
       825        10    166310         2       200
       829         1      1460         1       200
       833         0      1160         1       200
       837         4     72440         2       200
       841         0      1180         1       200
       845         1      1175         1       200
       849         9    183075         2       200
       853         0      1300         1       200
       857         0      1250         1       200
       861         6    102535         2       200
       865         0      1240         1       200
       869         0      1180         1       200
       873        13    178310         2       200
       877        12      1845         1       200
       881         1      1150         1       200
       889         3      1170         1       200
       885         3    123245         2       200
       893         0      1265         1       200
       897        10    190640         2       200
       901        10      1220         1       200
       905         0      1230         1       200
       909         5     98555         2       200
       913         4      1345         1       200
       917         1      1200         1       200
       925         6      1195         1       200
       921         6    130375         2       200
       929         4     66745         2       200
       933         0      1310         1       200
       937         0      1285         1       200
       941         8    181425         2       200
       949         0      1200         1       200
       945         0      1215         1       200
       953        12    197350         2       200
       961         0      1315         1       200
       957         0      1295         1       200
       965         8    124945         2       200
       969         0      1250         1       200
       973         0      1215         1       200
       977         9    190285         2       200
       981         0      1245         1       200
       985         0      1305         1       200
       989         8    117120         2       200
       993         0      1295         1       200
       997         1      1305         1       200
      1001        12    275575         2       200
      1005         1      1305         1       200
      1009         1      1395         1       200
      1013         3    111690         2       200
      1017         0      1295         1       200
      1021         0      1255         1       200
      1025         7    144230         2       200
      1029         0      1360         1       200
      1033         0      1245         1       200
      1037        12    198975         2       200
      1041         0      1255         1       200
      1045         0      1260         1       200
      1049         7    137295         2       200
      1053         0      1260         1       200
      1057         0      1300         1       200
      1061        13    258725         2       200
      1065         1      1255         1       200
      1069         1      1225         1       200
      1073         6    136740         2       200
      1077         0      1215         1       200
      1081         0      1280         1       200
      1085        11    204445         2       200
      1089         0      1290         1       200
      1093         0      1330         1       200
      1097         5     96440         2       200
      1101         1      1335         1       200
      1105         0      1230         1       200
      1109         4     57725         2       200
      1113         1      1190         1       200
      1117         0      1190         1       200
      1121        11    173960         2       200
      1125         0      1185         1       200
      1129         0      1220         1       200
      1133         3     39710         2       200
      1137         3      1230         1       200
      1141         0      1250         1       200
      1145         7    137330         2       200
      1149         7      1290         1       200
      1153         0      1300         1       200
      1157         3     43730         2       200
      1161         3      1260         1       200
      1165         0      1325         1       200
      1169         6    122160         2       200
      1173         6      1305         1       200
      1177         1      1320         1       200
      1185        12      1290         1       200
      1181        12    282310         2       200
      1189         2     38445         2       200
      1193         0      1280         1       200
      1197         0      1290         1       200
      1201         3     39640         2       200
      1209         1      1255         1       200
      1205         1      1295         1       200
      1213        10    182250         2       200
      1221         1      1300         1       200
      1217         0      1310         1       200
      1225         2     40540         2       200
      1229         0      1305         1       200
      1233         0      1255         1       200
      1237         6    104320         2       200
      1241         1      1290         1       200
      1245         1      1350         1       200
      1249         2     42685         2       200
      1253         1      1340         1       200
      1257         1      1280         1       200
      1261         9    181965         2       200
      1265         0      1270         1       200
      1269         0      1295         1       200
      1273         3     44050         2       200
      1277         1      1215         1       200
      1281         0      1220         1       200
      1285         4     90725         2       200
      1289         0      1245         1       200
      1293         0      1250         1       200
      1297         3     43015         2       200
      1301         0      1255         1       200
      1305         0      1250         1       200
      1309         7    117775         2       200
      1313         0      1255         1       200
      1317         0      1310         1       200
      1321         4     47300         2       200
      1325         0      1275         1       200
      1329         1      1280         1       200
      1333         7     93490         2       200
      1337         0      1305         1       200
      1341         0      1470         1       200
      1345        37   1000000         2       200
      1349         2      1530         1       200
      1353         0      1475         1       200
      1357         1      6940         2       200
      1361         0      1160         1       200
      1365         0      1200         1       200
      1369         0      5895         2       200
      1373         0      1230         1       200
      1377         1      1235         1       200
      1381         8    121240         2       200
      1385         0      1230         1       200
      1389         0      1255         1       200
      1393         1      8620         2       200
      1397         1      1265         1       200
      1401         0      1855         1       200
      1409         9      1105         1       200
      1405         9    144510         2       200
      1413         0      1185         1       200
      1417         1      9965         2       200
      1421         1      1220         1       200
      1425         1      1205         1       200
      1433        11      1235         1       200
      1429        11    180015         2       200
      1437         1      1270         1       200
      1445         0      1200         1       200
      1441         0     10235         2       200
      1449         0      1300         1       200
      1457         9      1265         1       200
      1453         9    122240         2       200
      1461         0     10950         2       200
      1465         0      1240         1       200
      1469         1      1330         1       200
      1473         5     69200         2       200
      1481         0      1280         1       200
      1477         0      1260         1       200
      1485         1     11215         2       200
      1489         0      1275         1       200
      1493         0      1335         1       200
      1497         4     66440         2       200
      1505         0      1295         1       200
      1501         0      1255         1       200
      1509        30   1000000         2       200
      1513         2      1390         1       200
      1517         2      1485         1       200
      1521         1     44625         2       200
      1525         0      1395         1       200
      1529         0      1240         1       200
      1533         0      6895         2       200
      1537         0      1210         1       200
      1541         0      1230         1       200
      1545         9    137795         2       200
      1549         0      1180         1       200
      1553         0      1195         1       200
      1557         1      8225         2       200
      1561         0      1220         1       200
      1565         1      1250         1       200
      1569         7    110655         2       200
      1573         0      1375         1       200
      1577         1      1425         1       200
      1581         0      8410         2       200
      1585         0      1495         1       200
      1589         0      1310         1       200
      1593         4     49900         2       200
      1597         1      1220         1       200
      1601         0      1210         1       200
      1605         1      9815         2       200
      1609         0      1230         1       200
      1613         0      1210         1       200
      1617         8    140975         2       200
      1621         1      1240         1       200
      1625         0      1405         1       200
      1629         1     10135         2       200
      1633         1      1345         1       200
      1637         0      1160         1       200
      1641         4     53425         2       200
      1645         0      1145         1       200
      1649         1      1195         1       200
      1653         1     12565         2       200
      1657         0      1230         1       200
      1661         0      1250         1       200
      1665         9    135465         2       200
      1669         9      1260         1       200
      1673         0      1280         1       200
      1677         1      8735         2       200
      1681         1      1450         1       200
      1685         1      1355         1       200
      1689         3     45795         2       200
      1693         3      1230         1       200
      1697         0      1495         1       200
      1701         1      8760         2       200
      1705         1      1345         1       200
      1709         1      1295         1       200
      1713         8    131115         2       200
      1717         8      1180         1       200
      1721         0      7615         2       200
      1725         1      1130         1       200
      1729         1      1210         1       200
      1733         2     47885         2       200
      1737         0      1150         1       200
      1741         0      1225         1       200
      1745         1      8305         2       200
      1753         0      1210         1       200
      1749         0      1175         1       200
      1757         7    107620         2       200
      1761         0      1130         1       200
      1765         1      1215         1       200
      1769         1      7585         2       200
      1777         1      1245         1       200
      1773         1      1250         1       200
      1781         3     51565         2       200
      1785         0      1225         1       200
      1789         0      1215         1       200
      1793         0      9130         2       200
      1797         1      1285         1       200
      1801         1      1255         1       200
      1805         6    131960         2       200
      1809         0      1260         1       200
      1813         0      1275         1       200
      1817         1      8225         2       200
      1821         0      1270         1       200
      1825         0      1400         1       200
      1829         3     43775         2       200
      1833         1      1190         1       200
      1837         0      1210         1       200
      1841         1      9335         2       200
      1845         0      1350         1       200
      1849         1      1220         1       200
      1853         9    141110         2       200
      1857         0      1245         1       200
      1861         0      1280         1       200
      1865         1      8800         2       200
      1869         0      1210         1       200
      1873         0      1275         1       200
      1877         3     48815         2       200
      1881         0      1245         1       200
      1885         0      1220         1       200
      1889         1      8360         2       200
      1893         1      1235         1       200
      1897         0      1245         1       200
      1901         6     99865         2       200
      1905         0      1315         1       200
      1909         1      1295         1       200
      1913         0      8690         2       200
      1917         0      1240         1       200
      1921         0      1285         1       200
      1925         4     49515         2       200
      1929         4      1235         1       200
      1933         1      1265         1       200
      1941         1      1255         1       200
      1937         1      9100         2       200
      1945         0      1255         1       200
      1949         6     85070         2       200
      1953         6      1250         1       200
      1957         0      1260         1       200
      1961         1      9610         2       200
      1965         1      1270         1       200
      1969         0      1295         1       200
      1973         3     42285         2       200
      1977         3      1305         1       200
      1981         1      6955         2       200
      1985         1      1315         1       200
      1989         1      1255         1       200
      1993         5     86385         2       200
      2001         0      1310         1       200
      1997         0      1345         1       200
      2005         1     10375         2       200
      2009         1      1305         1       200
      2013         1      1285         1       200
      2017         3     47805         2       200
      2021         0      1330         1       200
      2025         0      1315         1       200
      2029         1      8905         2       200
      2037         1      1265         1       200
      2033         1      1325         1       200
      2041         4     58350         2       200
      2045         0      1285         1       200
      2049         0      1295         1       200
      2053         0      9455         2       200
      2057         0      1265         1       200
      2061         0      1300         1       200
      2065         3     42995         2       200
      2069         0      1370         1       200
      2073         0      1275         1       200
      2077        18    522375         2       200
      2081         0      1235         1       200
      2085         1      1285         1       200
      2089         2     30635         2       200
      2093         0      1275         1       200
      2097         0      1285         1       200
      2101         4     57015         2       200
      2105         0      1285         1       200
      2109         0      1250         1       200
      2113         2     28840         2       200
      2117         1      1320         1       200
      2121         1      1295         1       200
      2125         4     69250         2       200
      2129         0      1400         1       200
      2133         0      1235         1       200
      2137         2     31205         2       200
      2141         0      1250         1       200
      2145         0      1270         1       200
      2149         5     63230         2       200
      2153         0      1365         1       200
      2157         0      1385         1       200
      2161         1     25415         2       200
      2165         0      1285         1       200
      2169         1      1230         1       200
      2173         4     74505         2       200
      2177         0      1260         1       200
      2181         1      1310         1       200
      2185         1     29715         2       200
      2189         1      1290         1       200
      2193         1      1300         1       200
      2197         5     66595         2       200
      2201         5      1385         1       200
      2205         1      1310         1       200
      2209         2     28535         2       200
      2213         2      1260         1       200
      2217         1      1235         1       200
      2221         4     81305         2       200
      2225         4      1275         1       200
      2229         0      1940         1       200
      2237         1      1190         1       200
      2233         1     26700         2       200
      2241         4     66070         2       200
      2245         0      1195         1       200
      2249         1      1275         1       200
      2253         2     29460         2       200
      2257         0      1205         1       200
      2261         1      1265         1       200
      2265         6     88000         2       200
      2269         0      1200         1       200
      2273         0      1240         1       200
      2277         1     28610         2       200
      2285         0      1290         1       200
      2281         0      1285         1       200
      2289         4     76370         2       200
      2297         1      1250         1       200
      2293         1      1290         1       200
      2301         1     32975         2       200
      2309         1      1295         1       200
      2305         0      1325         1       200
      2313         3     56760         2       200
      2317         0      1260         1       200
      2321         0      1265         1       200
      2325         2     34525         2       200
      2329         0      1235         1       200
      2333         0      1270         1       200
      2337         5     90450         2       200
      2341         0      1260         1       200
      2345         0      1260         1       200
      2349         2     35795         2       200
      2353         0      1245         1       200
      2357         1      1320         1       200
      2361         3     55295         2       200
      2365         1      1300         1       200
      2369         0      1315         1       200
      2373         3     32355         2       200
      2377         0      1255         1       200
      2381         0      1275         1       200
      2385         7     96505         2       200
      2389         0      1275         1       200
      2393         0      1255         1       200
      2397         2     31430         2       200
      2401         0      1295         1       200
      2405         1      1275         1       200
      2409         3     52715         2       200
      2413         0      1300         1       200
      2417         0      1240         1       200
      2421         2     30480         2       200
      2425         0      1280         1       200
      2429         0      1280         1       200
      2433         6     95435         2       200
      2437         0      1340         1       200
      2441         0      1295         1       200
      2445         1     28995         2       200
      2449         1      1285         1       200
      2453         0      1275         1       200
      2457         4     52085         2       200
      2461         4      1300         1       200
      2465         0      1300         1       200
      2469         2     30315         2       200
      2473         2      1330         1       200
      2477         0      1360         1       200
      2481         5     91330         2       200
      2485         5      1270         1       200
      2489         0      1230         1       200
      2493         1     30860         2       200
      2497         1      1295         1       200
      2501         0      1325         1       200
      2509         4      1200         1       200
      2505         3     51060         2       200
      2513         2     34190         2       200
      2517         0      1235         1       200
      2521         0      1275         1       200
      2525         6     93445         2       200
      2529         1      1305         1       200
      2533         1      1300         1       200
      2537         3     32485         2       200
      2541         0      1285         1       200
      2545         1      1320         1       200
      2549         4     54100         2       200
      2553         0      1270         1       200
      2557         1      1315         1       200
      2561         2     29490         2       200
      2565         0      1305         1       200
      2569         1      1265         1       200
      2573         7     97540         2       200
      2577         1      1255         1       200
      2581         0      1285         1       200
      2585         3     31035         2       200
      2589         1      1315         1       200
      2593         0      1300         1       200
      2597         3     53040         2       200
      2601         0      1305         1       200
      2605         0      1305         1       200
      2609         2     32030         2       200
      2613         0      1335         1       200
      2617         1      1290         1       200
      2621         5     91920         2       200
      2625         0      1260         1       200
      2629         1      1320         1       200
      2633         2     31315         2       200
      2637         0      1290         1       200
      2641         0      1270         1       200
      2645         4     52790         2       200
      2649         0      1260         1       200
      2653         0      1275         1       200
      2657         2     29335         2       200
      2661         0      1280         1       200
      2665         0      1335         1       200
      2669         6     97615         2       200
      2673         1      1265         1       200
      2677         1      1285         1       200
      2681         2     32725         2       200
      2685         0      1270         1       200
      2689         1      1345         1       200
      2693         4     53150         2       200
      2697         0      1420         1       200
      2701         0      1810         1       200
      2705         2     30085         2       200
      2709         0      1300         1       200
      2713         0      1295         1       200
      2717         5     85020         2       200
      2721         5      1285         1       200
      2725         0      1180         1       200
      2733         1      1140         1       200
      2729         1     31280         2       200
      2737         0      1200         1       200
      2745         4      1120         1       200
      2741         4     53555         2       200
      2749         0      1205         1       200
      2757         2      1190         1       200
      2753         2     30930         2       200
      2761         1      1205         1       200
      2769         6      1185         1       200
      2765         6     86340         2       200
      2773         2     31165         2       200
      2777         0      1150         1       200
      2781         0      1290         1       200
      2785         3     52350         2       200
      2789         0      1190         1       200
      2793         0      1280         1       200
      2797         2     31005         2       200
      2805         1      1260         1       200
      2801         0      1225         1       200
      2809         4     77730         2       200
      2813         0      1250         1       200
      2817         0      1255         1       200
      2821         1     33265         2       200
      2825         0      1250         1       200
      2829         0      1250         1       200
      2833         3     52350         2       200
      2837         0      1270         1       200
      2841         0      1270         1       200
      2845         2     35020         2       200
      2849         0      1300         1       200
      2853         1      1235         1       200
      2857         3     65795         2       200
      2861         0      1260         1       200
      2865         0      1250         1       200
      2869         1     33940         2       200
      2873         0      1270         1       200
      2877         0      1260         1       200
      2881         4     56125         2       200
      2885         0      1315         1       200
      2889         0      1265         1       200
      2893         3     40675         2       200
      2897         0      1245         1       200
      2901         0      1280         1       200
      2905         4     50000         2       200
      2909         0      1250         1       200
      2913         1      1290         1       200
      2917         3     42190         2       200
      2921         0      1290         1       200
      2925         0      1305         1       200
      2929        31   1000000         2       200
      2933         0      1270         1       200
      2937         3      1300         1       200
      2941         0      8835         2       200
      2945         0      1270         1       200
      2949         0      1295         1       200
      2953         1      5600         2       200
      2957         0      1260         1       200
      2961         0      1260         1       200
      2965         6     92610         2       200
      2969         0      1310         1       200
      2973         1      1275         1       200
      2981         0      1265         1       200
      2977         0      6870         2       200
      2985         0      1250         1       200
      2989         1     12090         2       200
      2993         1      1305         1       200
      2997         0      1255         1       200
      3005         1      1255         1       200
      3001         1      9080         2       200
      3009         0      1280         1       200
      3013         6     72260         2       200
      3017         5      1300         1       200
      3021         9      1335         1       200
      3025         0      6690         2       200
      3029         1      1340         1       200
      3033         1     13030         2       200
      3037         1      1270         1       200
      3041         1      1315         1       200
      3045         0      7965         2       200
      3053         0      1305         1       200
      3049         0      1310         1       200
      3057         5     72960         2       200
      3065         1      1275         1       200
      3061         1      1245         1       200
      3069         0      8215         2       200
      3073         0      1275         1       200
      3077         0      1250         1       200
      3081         1     12140         2       200
      3085         0      1305         1       200
      3089         0      1295         1       200
      3093         1      6445         2       200
      3097         0      1260         1       200
      3101         1      1290         1       200
      3105         4     66780         2       200
      3109         0      1315         1       200
      3113         1      1335         1       200
      3117         0      7305         2       200
      3121         0      1275         1       200
      3125         0      1270         1       200
      3129         1     11590         2       200
      3133         0      1255         1       200
      3137         0      1330         1       200
      3141         1      6940         2       200
      3145         1      1270         1       200
      3149         1      1250         1       200
      3153         4     60500         2       200
      3157         0      1255         1       200
      3161         1      1290         1       200
      3165         1      6465         2       200
      3169         0      1300         1       200
      3173         0      1305         1       200
      3177         1     11740         2       200
      3181         0      1275         1       200
      3185         0      1270         1       200
      3189         1      6010         2       200
      3193         0      1285         1       200
      3197         1      1245         1       200
      3201         4     55965         2       200
      3205         0      1275         1       200
      3209         1      1320         1       200
      3213         0      6865         2       200
      3217         1      1295         1       200
      3221         0      1240         1       200
      3225         4     54495         2       200
      3229         1      1290         1       200
      3233         0      1270         1       200
      3237         1      7775         2       200
      3241         1      1340         1       200
      3245         0      1275         1       200
      3249         2     19075         2       200
      3253         2      1260         1       200
      3257         0      1275         1       200
      3261         1      6370         2       200
      3265         1      1260         1       200
      3269         0      1290         1       200
      3277         5      1285         1       200
      3273         5     73835         2       200
      3281         1      1345         1       200
      3289         1      1250         1       200
      3285         1      8630         2       200
      3293         2     16875         2       200
      3297         0      1290         1       200
      3301         0      1355         1       200
      3305         1      7090         2       200
      3313         1      1255         1       200
      3309         1      1275         1       200
      3317         4     63230         2       200
      3325         1      1265         1       200
      3321         1      1295         1       200
      3329         0      6535         2       200
      3333         0      1295         1       200
      3337         1      1255         1       200
      3341         2     15720         2       200
      3349         1      1340         1       200
      3345         0      1325         1       200
      3353         1      6450         2       200
      3357         0      1265         1       200
      3361         0      1285         1       200
      3365         4     53595         2       200
      3369         0      1245         1       200
      3373         0      1265         1       200
      3377         1      7520         2       200
      3381         0      1295         1       200
      3385         1      1240         1       200
      3389         1     18410         2       200
      3393         0      1275         1       200
      3397         0      1240         1       200
      3401         0      6315         2       200
      3405         1      1280         1       200
      3409         0      1285         1       200
      3413         3     50150         2       200
      3417         0      1275         1       200
      3421         0      1300         1       200
      3425         1      8595         2       200
      3429         0      1290         1       200
      3433         0      1335         1       200
      3437         1     17280         2       200
      3441         0      1275         1       200
      3445         1      1270         1       200
      3449         0      9025         2       200
      3453         0      1305         1       200
      3457         0      1300         1       200
      3461         4     51510         2       200
      3465         0      1275         1       200
      3469         0      1270         1       200
      3473         1      7670         2       200
      3477         0      1255         1       200
      3481         0      1315         1       200
      3485         1     17895         2       200
      3489         0      1260         1       200
      3493         1      1290         1       200
      3497         0      8165         2       200
      3501         0      1260         1       200
      3505         0      1285         1       200
      3509         4     43495         2       200
      3513         3      1270         1       200
      3517         0      1285         1       200
      3525         1      1260         1       200
      3521         1     10905         2       200
      3529         1      1285         1       200
      3533         1     15270         2       200
      3537         1      1315         1       200
      3541         0      1265         1       200
      3545         1      8630         2       200
      3549         1      1295         1       200
      3553         0      1295         1       200
      3561         2      1345         1       200
      3557         2     31550         2       200
      3565         1      9625         2       200
      3569         0      1270         1       200
      3573         0      1230         1       200
      3577         1     13875         2       200
      3581         0      1305         1       200
      3585         0      1280         1       200
      3589         1      8455         2       200
      3593         0      1220         1       200
      3597         0      1280         1       200
      3601         1     20460         2       200
      3605         0      1305         1       200
      3609         0      1285         1       200
      3613         1     12750         2       200
      3617         0      1245         1       200
      3621         0      1280         1       200
      3625         2     21490         2       200
      3629         0      1280         1       200
      3633         0      1315         1       200
      3637        33   1000000         2       200
      3641         0      1305         1       200
      3645         3      1265         1       200
      3649         0      5440         2       200
      3653         0      1315         1       200
      3657         1      1315         1       200
      3661         0      1515         2       200
      3665         0      1265         1       200
      3669         0      1290         1       200
      3673        10    208725         2       200
      3677         0      1280         1       200
      3681         0      1260         1       200
      3685         1      2000         2       200
      3689         0      1280         1       200
      3693         0      1300         1       200
      3697         0      5785         2       200
      3701         0      1285         1       200
      3705         1      1300         1       200
      3709         0      3340         2       200
      3713         0      1260         1       200
      3717         0      1250         1       200
      3721         8    116320         2       200
      3725         0      1285         1       200
      3729         1      1300         1       200
      3733         0      2730         2       200
      3737         0      1285         1       200
      3741         0      1275         1       200
      3745         1      4130         2       200
      3749         0      1280         1       200
      3753         0      1300         1       200
      3757         1      1910         2       200
      3761         1      1220         1       200
      3765         0      1495         1       200
      3769         5     68175         2       200
      3773         5      1270         1       200
      3777         0      1250         1       200
      3781         1      2815         2       200
      3785         1      1280         1       200
      3789         1      1235         1       200
      3793         0      4290         2       200
      3797         0      1230         1       200
      3801         0      1240         1       200
      3805         0      1270         2       200
      3809         0      1240         1       200
      3813         0      1190         1       200
      3817         6     65440         2       200
      3821         6      1240         1       200
      3825         1      2060         2       200
      3829         0      1235         1       200
      3833         1      1235         1       200
      3837         0       690         2       200
      3845         0      1270         1       200
      3841         0      1265         1       200
      3849         2     23445         2       200
      3853         0      1385         1       200
      3857         0      1445         1       200
      3861         0      2090         2       200
      3865         0      1235         1       200
      3869         0      1200         1       200
      3873         0      1150         2       200
      3881         0      1320         1       200
      3877         0      1265         1       200
      3885         2     24645         2       200
      3889         1      1285         1       200
      3893         1      1380         1       200
      3897         0      1125         2       200
      3901         0      1385         1       200
      3905         0      1345         1       200
      3909         0      3715         2       200
      3913         0      1395         1       200
      3917         0      1330         1       200
      3921         1      1035         2       200
      3925         0      1245         1       200
      3929         0      1270         1       200
      3933         4     59100         2       200
      3937         0      1485         1       200
      3941         0      1165         1       200
      3945         0      1815         2       200
      3949         1      1195         1       200
      3953         1      1245         1       200
      3957         0      3970         2       200
      3961         0      1225         1       200
      3965         1      1290         1       200
      3969         0       925         2       200
      3973         0      1260         1       200
      3977         0      1210         1       200
      3981         4     71165         2       200
      3985         0      1180         1       200
      3989         0      1230         1       200
      3993         0      1180         2       200
      3997         0      1235         1       200
      4001         0      1245         1       200
      4005         0      3140         2       200
      4009         0      1230         1       200
      4013         1      1220         1       200
      4017         0      1235         2       200
      4021         1      1315         1       200
      4025         0      1255         1       200
      4029         1     46045         2       200
      4033         1      1825         1       200
      4037         0      1125         1       200
      4041         0      1105         2       200
      4045         0      1185         1       200
      4049         1      1195         1       200
      4053         0      2755         2       200
      4057         0      1225         1       200
      4061         0      1300         1       200
      4065         0       995         2       200
      4069         0      1245         1       200
      4073         0      1275         1       200
      4081         3      1965         1       200
      4077         3     36340         2       200
      4085         0      1155         2       200
      4093         0      1125         1       200
      4089         0      1135         1       200
      4097         1      2220         2       200
      4101         1      1180         1       200
      4105         1      1195         1       200
      4109         0      1165         2       200
      4117         0      1265         1       200
      4113         0      1200         1       200
      4121         2     28855         2       200
      4125         0      1405         1       200
      4129         0      1240         1       200
      4133         0       870         2       200
      4137         1      1180         1       200
      4141         1      1165         1       200
      4145         0      2310         2       200
      4153         0      1200         1       200
      4149         0      1190         1       200
      4157         0       925         2       200
      4161         0      1230         1       200
      4165         0      1250         1       200
      4169         2     21870         2       200
      4173         0      1235         1       200
      4177         0      1245         1       200
      4181         0      1560         2       200
      4185         0      1325         1       200
      4189         1      1385         1       200
      4193         0      4640         2       200
      4197         1      1355         1       200
      4201         0      1320         1       200
      4205         0      4000         2       200
      4209         0      1360         1       200
      4213         0      1315         1       200
      4217         5     74385         2       200
      4221         0      1270         1       200
      4225         0      1255         1       200
      4229         1      3030         2       200
      4233         0      1195         1       200
      4237         0      1235         1       200
      4241         0      4455         2       200
      4245         0      1190         1       200
      4249         1      1155         1       200
      4253         0      2690         2       200
connection closed, recv=22126 sent=8430 lost=6 rtt=3.547245ms cwnd=14520, total_bytes=29255262, complete_bytes=27969375, good_bytes=27969375, total_time=19804678
